<?xml version="1.0" encoding="UTF-8"?>
<!-- Generated by org.testng.reporters.JUnitReportReporter -->
<testsuite hostname="DESKTOP-JELCRE3" failures="0" tests="1" name="Testcases.TC_003_AddtoCart" time="21.148" errors="0" timestamp="2024-08-26T11:13:21 IST" skipped="0">
  <testcase classname="Testcases.TC_003_AddtoCart" name="verifyAddToCart" time="21.148"/>
  <system-out/>
</testsuite> <!-- Testcases.TC_003_AddtoCart -->
