<?xml version="1.0" encoding="UTF-8"?>
<!-- Generated by org.testng.reporters.JUnitReportReporter -->
<testsuite hostname="DESKTOP-JELCRE3" failures="0" tests="1" name="Testcases.TC_008_wishlist" time="4.145" errors="0" timestamp="2024-08-30T12:40:43 IST" skipped="0">
  <testcase classname="Testcases.TC_008_wishlist" name="verifywishlist" time="4.145"/>
  <system-out/>
</testsuite> <!-- Testcases.TC_008_wishlist -->
