<?xml version="1.0" encoding="UTF-8"?>
<!-- Generated by org.testng.reporters.JUnitReportReporter -->
<testsuite hostname="DESKTOP-JELCRE3" failures="0" tests="1" name="Testcases.TC_007_shareproduct" time="41.742" errors="0" timestamp="2024-09-05T11:48:29 IST" skipped="0">
  <testcase classname="Testcases.TC_007_shareproduct" name="ShareProduct" time="41.742"/>
  <system-out/>
</testsuite> <!-- Testcases.TC_007_shareproduct -->
