<?xml version="1.0" encoding="UTF-8"?>
<!-- Generated by org.testng.reporters.JUnitReportReporter -->
<testsuite hostname="DESKTOP-JELCRE3" failures="0" tests="1" name="Testcases.TC_006_productCart6" time="18.999" errors="0" timestamp="2024-09-06T15:00:57 IST" skipped="0">
  <testcase classname="Testcases.TC_006_productCart6" name="verifyAddToCart6" time="18.999"/>
  <system-out/>
</testsuite> <!-- Testcases.TC_006_productCart6 -->
