<?xml version="1.0" encoding="UTF-8"?>
<!-- Generated by org.testng.reporters.JUnitReportReporter -->
<testsuite hostname="DESKTOP-JELCRE3" failures="0" tests="1" name="Testcases.TC_002_search" time="4.894" errors="0" timestamp="2024-08-20T10:05:19 IST" skipped="0">
  <testcase classname="Testcases.TC_002_search" name="verifySearch" time="4.894"/>
  <system-out/>
</testsuite> <!-- Testcases.TC_002_search -->
