<?xml version="1.0" encoding="UTF-8"?>
<!-- Generated by org.testng.reporters.JUnitReportReporter -->
<testsuite hostname="DESKTOP-JELCRE3" failures="0" tests="1" name="Testcases.TC_009_wishlist" time="8.711" errors="0" timestamp="2024-09-12T12:38:37 IST" skipped="0">
  <testcase classname="Testcases.TC_009_wishlist" name="verifywishlist" time="8.711"/>
  <system-out/>
</testsuite> <!-- Testcases.TC_009_wishlist -->
