<?xml version="1.0" encoding="UTF-8"?>
<!-- Generated by org.testng.reporters.JUnitReportReporter -->
<testsuite hostname="DESKTOP-JELCRE3" failures="0" tests="1" name="Testcases.TC_005_Navigation1" time="4.928" errors="0" timestamp="2024-08-21T10:34:38 IST" skipped="0">
  <testcase classname="Testcases.TC_005_Navigation1" name="verifyNavigation1" time="4.928"/>
  <system-out/>
</testsuite> <!-- Testcases.TC_005_Navigation1 -->
